<?xml version="1.0" encoding="utf-8"?>
<?AutomationStudio Version="4.7.2.98"?>
<Objects>
  <Object
    Path="C:\Users\admin\Desktop\AX\CW2\Logical\Package.pkg"
    LogicalPath=""
    Type="Package.ParentUnknown"
    LastWriteTime="132672813488146640" />
  <Object
    Path="C:\Users\admin\Desktop\AX\CW2\Logical\Global.typ"
    LogicalPath="Global.typ"
    Type="File"
    LastWriteTime="132672807693756523"
    Private="false" />
  <Object
    Path="C:\Users\admin\Desktop\AX\CW2\Logical\Global.var"
    LogicalPath="Global.var"
    Type="File"
    LastWriteTime="132672807694068871"
    Private="false" />
  <Object
    Path="C:\Users\admin\Desktop\AX\CW2\Logical\Libraries\Package.pkg"
    LogicalPath="Libraries"
    Type="Package"
    LastWriteTime="132672807725770705" />
  <Object
    Path="C:\Users\admin\Desktop\AX\CW2\Logical\Libraries\operator\binary.lby"
    LogicalPath="Libraries.operator"
    Type="Library"
    LastWriteTime="132672807711086721" />
  <Object
    Path="C:\Users\admin\Desktop\AX\CW2\Logical\Libraries\operator\operator.fun"
    LogicalPath="Libraries.operator.operator.fun"
    Type="File"
    LastWriteTime="132672807710930477"
    Private="false" />
  <Object
    Path="C:\Users\admin\Desktop\AX\CW2\Logical\Libraries\operator\operator.typ"
    LogicalPath="Libraries.operator.operator.typ"
    Type="File"
    LastWriteTime="132672807711086721"
    Private="false" />
  <Object
    Path="C:\Users\admin\Desktop\AX\CW2\Logical\Libraries\operator\operator.var"
    LogicalPath="Libraries.operator.operator.var"
    Type="File"
    LastWriteTime="132672807711086721"
    Private="false" />
  <Object
    Path="C:\Users\admin\Desktop\AX\CW2\Logical\Libraries\runtime\binary.lby"
    LogicalPath="Libraries.runtime"
    Type="Library"
    LastWriteTime="132672807715617078" />
  <Object
    Path="C:\Users\admin\Desktop\AX\CW2\Logical\Libraries\runtime\runtime.fun"
    LogicalPath="Libraries.runtime.runtime.fun"
    Type="File"
    LastWriteTime="132672807715460929"
    Private="false" />
  <Object
    Path="C:\Users\admin\Desktop\AX\CW2\Logical\Libraries\runtime\runtime.typ"
    LogicalPath="Libraries.runtime.runtime.typ"
    Type="File"
    LastWriteTime="132672807715617078"
    Private="false" />
  <Object
    Path="C:\Users\admin\Desktop\AX\CW2\Logical\Libraries\runtime\runtime.var"
    LogicalPath="Libraries.runtime.runtime.var"
    Type="File"
    LastWriteTime="132672807715617078"
    Private="false" />
  <Object
    Path="C:\Users\admin\Desktop\AX\CW2\Logical\Libraries\astime\binary.lby"
    LogicalPath="Libraries.astime"
    Type="Library"
    LastWriteTime="132672807720615673" />
  <Object
    Path="C:\Users\admin\Desktop\AX\CW2\Logical\Libraries\astime\astime.fun"
    LogicalPath="Libraries.astime.astime.fun"
    Type="File"
    LastWriteTime="132672807720303243"
    Private="false" />
  <Object
    Path="C:\Users\admin\Desktop\AX\CW2\Logical\Libraries\astime\astime.typ"
    LogicalPath="Libraries.astime.astime.typ"
    Type="File"
    LastWriteTime="132672807720459885"
    Private="false" />
  <Object
    Path="C:\Users\admin\Desktop\AX\CW2\Logical\Libraries\astime\astime.var"
    LogicalPath="Libraries.astime.astime.var"
    Type="File"
    LastWriteTime="132672807720615673"
    Private="false" />
  <Object
    Path="C:\Users\admin\Desktop\AX\CW2\Logical\Libraries\AsIecCon\binary.lby"
    LogicalPath="Libraries.AsIecCon"
    Type="Library"
    LastWriteTime="132672807725458285" />
  <Object
    Path="C:\Users\admin\Desktop\AX\CW2\Logical\Libraries\AsIecCon\AsIecCon.fun"
    LogicalPath="Libraries.AsIecCon.AsIecCon.fun"
    Type="File"
    LastWriteTime="132672807725302066"
    Private="false" />
  <Object
    Path="C:\Users\admin\Desktop\AX\CW2\Logical\Libraries\AsIecCon\AsIecCon.typ"
    LogicalPath="Libraries.AsIecCon.AsIecCon.typ"
    Type="File"
    LastWriteTime="132672807725458285"
    Private="false" />
  <Object
    Path="C:\Users\admin\Desktop\AX\CW2\Logical\Libraries\AsIecCon\AsIecCon.var"
    LogicalPath="Libraries.AsIecCon.AsIecCon.var"
    Type="File"
    LastWriteTime="132672807725458285"
    Private="false" />
  <Object
    Path="C:\Users\admin\Desktop\AX\CW2\Logical\VVVFControl\IEC.prg"
    LogicalPath="VVVFControl"
    Type="Program"
    LastWriteTime="132672808483516586" />
  <Object
    Path="C:\Users\admin\Desktop\AX\CW2\Logical\VVVFControl\Cyclic.ld"
    LogicalPath="VVVFControl.Cyclic.ld"
    Type="File"
    LastWriteTime="132672850817463615"
    Private="false" />
  <Object
    Path="C:\Users\admin\Desktop\AX\CW2\Logical\VVVFControl\Init.ld"
    LogicalPath="VVVFControl.Init.ld"
    Type="File"
    LastWriteTime="132672808483204436"
    Private="false" />
  <Object
    Path="C:\Users\admin\Desktop\AX\CW2\Logical\VVVFControl\Exit.ld"
    LogicalPath="VVVFControl.Exit.ld"
    Type="File"
    LastWriteTime="132672808483360430"
    Private="false" />
  <Object
    Path="C:\Users\admin\Desktop\AX\CW2\Logical\VVVFControl\Types.typ"
    LogicalPath="VVVFControl.Types.typ"
    Type="File"
    LastWriteTime="132672808483360430"
    Private="true" />
  <Object
    Path="C:\Users\admin\Desktop\AX\CW2\Logical\VVVFControl\Variables.var"
    LogicalPath="VVVFControl.Variables.var"
    Type="File"
    LastWriteTime="132672843991311795"
    Private="true" />
  <Object
    Path="C:\Users\admin\Desktop\AX\CW2\Physical\CW2\Config.pkg"
    LogicalPath="CW2"
    Type="Configuration.ParentUnknown"
    LastWriteTime="132672807757794426" />
  <Object
    Path="C:\Users\admin\Desktop\AX\CW2\Physical\CW2\Hardware.hw"
    LogicalPath="CW2.Hardware.hw"
    Type="File"
    LastWriteTime="132672852668333730"
    Private="false" />
  <Object
    Path="C:\Users\admin\Desktop\AX\CW2\Physical\CW2\Hardware.hwl"
    LogicalPath="CW2.Hardware.hwl"
    Type="File"
    LastWriteTime="132672851617483853"
    Private="false" />
  <Object
    Path="C:\Users\admin\Desktop\AX\CW2\Physical\CW2\X20CP1382\Cpu.pkg"
    LogicalPath="CW2.X20CP1382"
    Type="Cpu"
    LastWriteTime="132672807732175706" />
  <Object
    Path="C:\Users\admin\Desktop\AX\CW2\Physical\CW2\X20CP1382\Cpu.sw"
    LogicalPath="CW2.X20CP1382.Cpu.sw"
    Type="File"
    LastWriteTime="132672813490021480"
    Private="false" />
  <Object
    Path="C:\Users\admin\Desktop\AX\CW2\Physical\CW2\X20CP1382\Cpu.per"
    LogicalPath="CW2.X20CP1382.Cpu.per"
    Type="File"
    LastWriteTime="132672807729832263"
    Private="false" />
  <Object
    Path="C:\Users\admin\Desktop\AX\CW2\Physical\CW2\X20CP1382\IoMap.iom"
    LogicalPath="CW2.X20CP1382.IoMap.iom"
    Type="File"
    LastWriteTime="132672864920226175"
    Private="false" />
  <Object
    Path="C:\Users\admin\Desktop\AX\CW2\Physical\CW2\X20CP1382\PvMap.vvm"
    LogicalPath="CW2.X20CP1382.PvMap.vvm"
    Type="File"
    LastWriteTime="132672807729832263"
    Private="false" />
  <Object
    Path="C:\Users\admin\Desktop\AX\CW2\Physical\CW2\X20CP1382\Connectivity\Package.pkg"
    LogicalPath="CW2.X20CP1382.Connectivity"
    Type="Package"
    LastWriteTime="132672807730457178" />
  <Object
    Path="C:\Users\admin\Desktop\AX\CW2\Physical\CW2\X20CP1382\Connectivity\OpcUA\Package.pkg"
    LogicalPath="CW2.X20CP1382.Connectivity.OpcUA"
    Type="Package"
    LastWriteTime="132672807730457178" />
  <Object
    Path="C:\Users\admin\Desktop\AX\CW2\Physical\CW2\X20CP1382\TextSystem\Package.pkg"
    LogicalPath="CW2.X20CP1382.TextSystem"
    Type="Package"
    LastWriteTime="132672807730457178" />
  <Object
    Path="C:\Users\admin\Desktop\AX\CW2\Physical\CW2\X20CP1382\UnitSystem\Package.pkg"
    LogicalPath="CW2.X20CP1382.UnitSystem"
    Type="Package"
    LastWriteTime="132672807730613328" />
  <Object
    Path="C:\Users\admin\Desktop\AX\CW2\Physical\CW2\X20CP1382\AccessAndSecurity\Package.pkg"
    LogicalPath="CW2.X20CP1382.AccessAndSecurity"
    Type="Package"
    LastWriteTime="132672807731707062" />
  <Object
    Path="C:\Users\admin\Desktop\AX\CW2\Physical\CW2\X20CP1382\AccessAndSecurity\UserRoleSystem\Package.pkg"
    LogicalPath="CW2.X20CP1382.AccessAndSecurity.UserRoleSystem"
    Type="Package"
    LastWriteTime="132672807730925744" />
  <Object
    Path="C:\Users\admin\Desktop\AX\CW2\Physical\CW2\X20CP1382\AccessAndSecurity\UserRoleSystem\Role.role"
    LogicalPath="CW2.X20CP1382.AccessAndSecurity.UserRoleSystem.Role.role"
    Type="File"
    LastWriteTime="132672807730769543"
    Private="false" />
  <Object
    Path="C:\Users\admin\Desktop\AX\CW2\Physical\CW2\X20CP1382\AccessAndSecurity\UserRoleSystem\User.user"
    LogicalPath="CW2.X20CP1382.AccessAndSecurity.UserRoleSystem.User.user"
    Type="File"
    LastWriteTime="132672807730925744"
    Private="false" />
  <Object
    Path="C:\Users\admin\Desktop\AX\CW2\Physical\CW2\X20CP1382\AccessAndSecurity\CertificateStore\Package.pkg"
    LogicalPath="CW2.X20CP1382.AccessAndSecurity.CertificateStore"
    Type="Package"
    LastWriteTime="132672807731394649" />
  <Object
    Path="C:\Users\admin\Desktop\AX\CW2\Physical\CW2\X20CP1382\AccessAndSecurity\CertificateStore\OwnCertificates\Package.pkg"
    LogicalPath="CW2.X20CP1382.AccessAndSecurity.CertificateStore.OwnCertificates"
    Type="Package"
    LastWriteTime="132672807731081960" />
  <Object
    Path="C:\Users\admin\Desktop\AX\CW2\Physical\CW2\X20CP1382\AccessAndSecurity\CertificateStore\OwnCertificates\Certificates\Package.pkg"
    LogicalPath="CW2.X20CP1382.AccessAndSecurity.CertificateStore.OwnCertificates.Certificates"
    Type="Package"
    LastWriteTime="132672807731081960" />
  <Object
    Path="C:\Users\admin\Desktop\AX\CW2\Physical\CW2\X20CP1382\AccessAndSecurity\CertificateStore\OwnCertificates\PrivateKeys\Package.pkg"
    LogicalPath="CW2.X20CP1382.AccessAndSecurity.CertificateStore.OwnCertificates.PrivateKeys"
    Type="Package"
    LastWriteTime="132672807731081960" />
  <Object
    Path="C:\Users\admin\Desktop\AX\CW2\Physical\CW2\X20CP1382\AccessAndSecurity\CertificateStore\ThirdPartyCertificates\Package.pkg"
    LogicalPath="CW2.X20CP1382.AccessAndSecurity.CertificateStore.ThirdPartyCertificates"
    Type="Package"
    LastWriteTime="132672807731238176" />
  <Object
    Path="C:\Users\admin\Desktop\AX\CW2\Physical\CW2\X20CP1382\AccessAndSecurity\CertificateStore\ThirdPartyCertificates\SoftwareCertificates\Package.pkg"
    LogicalPath="CW2.X20CP1382.AccessAndSecurity.CertificateStore.ThirdPartyCertificates.SoftwareCertificates"
    Type="Package"
    LastWriteTime="132672807731238176" />
  <Object
    Path="C:\Users\admin\Desktop\AX\CW2\Physical\CW2\X20CP1382\AccessAndSecurity\CertificateStore\CertificateRevocationLists\Package.pkg"
    LogicalPath="CW2.X20CP1382.AccessAndSecurity.CertificateStore.CertificateRevocationLists"
    Type="Package"
    LastWriteTime="132672807731394649" />
  <Object
    Path="C:\Users\admin\Desktop\AX\CW2\Physical\CW2\X20CP1382\AccessAndSecurity\CertificateStore\CertificateSigningRequests\Package.pkg"
    LogicalPath="CW2.X20CP1382.AccessAndSecurity.CertificateStore.CertificateSigningRequests"
    Type="Package"
    LastWriteTime="132672807731394649" />
  <Object
    Path="C:\Users\admin\Desktop\AX\CW2\Physical\CW2\X20CP1382\AccessAndSecurity\TransportLayerSecurity\Package.pkg"
    LogicalPath="CW2.X20CP1382.AccessAndSecurity.TransportLayerSecurity"
    Type="Package"
    LastWriteTime="132672807731550607" />
  <Object
    Path="C:\Users\admin\Desktop\AX\CW2\Physical\CW2\X20CP1382\AccessAndSecurity\Firewall\Package.pkg"
    LogicalPath="CW2.X20CP1382.AccessAndSecurity.Firewall"
    Type="Package"
    LastWriteTime="132672807731707062" />
  <Object
    Path="C:\Users\admin\Desktop\AX\CW2\Physical\CW2\X20CP1382\AccessAndSecurity\Firewall\Rules.firewallRules"
    LogicalPath="CW2.X20CP1382.AccessAndSecurity.Firewall.Rules.firewallRules"
    Type="File"
    LastWriteTime="132672807731550607"
    Private="false" />
  <Object
    Path="C:\Users\admin\Desktop\AX\CW2\Physical\CW2\X20CP1382\mappControl\Package.pkg"
    LogicalPath="CW2.X20CP1382.mappControl"
    Type="Package"
    LastWriteTime="132672807731707062" />
  <Object
    Path="C:\Users\admin\Desktop\AX\CW2\Physical\CW2\X20CP1382\mappMotion\Package.pkg"
    LogicalPath="CW2.X20CP1382.mappMotion"
    Type="Package"
    LastWriteTime="132672807731863034" />
  <Object
    Path="C:\Users\admin\Desktop\AX\CW2\Physical\CW2\X20CP1382\mappServices\Package.pkg"
    LogicalPath="CW2.X20CP1382.mappServices"
    Type="Package"
    LastWriteTime="132672807731863034" />
  <Object
    Path="C:\Users\admin\Desktop\AX\CW2\Physical\CW2\X20CP1382\mappView\Package.pkg"
    LogicalPath="CW2.X20CP1382.mappView"
    Type="Package"
    LastWriteTime="132672807732019245" />
  <Object
    Path="C:\Users\admin\Desktop\AX\CW2\Physical\CW2\X20CP1382\mappCockpit\Package.pkg"
    LogicalPath="CW2.X20CP1382.mappCockpit"
    Type="Package"
    LastWriteTime="132672807732175706" />
  <Object
    Path="C:\Users\admin\Desktop\AX\CW2\Physical\CW2\Hardware.jpg"
    LogicalPath="CW2.Hardware.jpg"
    Type="File"
    LastWriteTime="132672851617639768"
    Private="false" />
</Objects>